Using pre-set license
Built from '2020.3/staging' branch; Version is '2020.3.32f1 (12f8b0834f07) revision 1243312'; Using compiler version '192528614'; Build Type 'Release'
OS: 'Windows 11  (10.0.22000) 64bit Core' Language: 'en' Physical Memory: 15776 MB
BatchMode: 1, IsHumanControllingUs: 0, StartBugReporterOnCrash: 0, Is64bit: 1, IsPro: 0

COMMAND LINE ARGUMENTS:
C:\Program Files\Unity\Hub\Editor\2020.3.32f1\Editor\Unity.exe
-adb2
-batchMode
-noUpm
-name
AssetImportWorker0
-projectPath
C:/Users/Andrew/Desktop/3D-Game-Dev-Project-1/GroupProject
-logFile
Logs/AssetImportWorker0.log
-srvPort
56295
Successfully changed project path to: C:/Users/Andrew/Desktop/3D-Game-Dev-Project-1/GroupProject
C:/Users/Andrew/Desktop/3D-Game-Dev-Project-1/GroupProject
Using Asset Import Pipeline V2.
Refreshing native plugins compatible for Editor in 28.43 ms, found 2 plugins.
Preloading 0 native plugins for Editor in 0.00 ms.
Initialize engine version: 2020.3.32f1 (12f8b0834f07)
[Subsystems] Discovering subsystems at path C:/Program Files/Unity/Hub/Editor/2020.3.32f1/Editor/Data/Resources/UnitySubsystems
[Subsystems] Discovering subsystems at path C:/Users/Andrew/Desktop/3D-Game-Dev-Project-1/GroupProject/Assets
GfxDevice: creating device client; threaded=0
Direct3D:
    Version:  Direct3D 11.0 [level 11.1]
    Renderer: NVIDIA GeForce RTX 3060 Laptop GPU (ID=0x2520)
    Vendor:   
    VRAM:     6023 MB
    Driver:   31.0.15.1659
Initialize mono
Mono path[0] = 'C:/Program Files/Unity/Hub/Editor/2020.3.32f1/Editor/Data/Managed'
Mono path[1] = 'C:/Program Files/Unity/Hub/Editor/2020.3.32f1/Editor/Data/MonoBleedingEdge/lib/mono/unityjit'
Mono config path = 'C:/Program Files/Unity/Hub/Editor/2020.3.32f1/Editor/Data/MonoBleedingEdge/etc'
Using monoOptions --debugger-agent=transport=dt_socket,embedding=1,server=y,suspend=n,address=127.0.0.1:56112
Begin MonoManager ReloadAssembly
Registering precompiled unity dll's ...
Register platform support module: C:/Program Files/Unity/Hub/Editor/2020.3.32f1/Editor/Data/PlaybackEngines/WebGLSupport/UnityEditor.WebGL.Extensions.dll
Register platform support module: C:/Program Files/Unity/Hub/Editor/2020.3.32f1/Editor/Data/PlaybackEngines/MacStandaloneSupport/UnityEditor.OSXStandalone.Extensions.dll
Register platform support module: C:/Program Files/Unity/Hub/Editor/2020.3.32f1/Editor/Data/PlaybackEngines/WindowsStandaloneSupport/UnityEditor.WindowsStandalone.Extensions.dll
Register platform support module: C:/Program Files/Unity/Hub/Editor/2020.3.32f1/Editor/Data/PlaybackEngines/LinuxStandaloneSupport/UnityEditor.LinuxStandalone.Extensions.dll
Registered in 0.001984 seconds.
Native extension for LinuxStandalone target not found
Native extension for WindowsStandalone target not found
Native extension for OSXStandalone target not found
Native extension for WebGL target not found
Refreshing native plugins compatible for Editor in 40.40 ms, found 2 plugins.
Preloading 0 native plugins for Editor in 0.00 ms.
Mono: successfully reloaded assembly
- Completed reload, in  0.452 seconds
Domain Reload Profiling:
	ReloadAssembly (453ms)
		BeginReloadAssembly (44ms)
			ExecutionOrderSort (0ms)
			DisableScriptedObjects (0ms)
			BackupInstance (0ms)
			ReleaseScriptingObjects (0ms)
			CreateAndSetChildDomain (1ms)
		EndReloadAssembly (349ms)
			LoadAssemblies (44ms)
			RebuildTransferFunctionScriptingTraits (0ms)
			SetupTypeCache (104ms)
			ReleaseScriptCaches (0ms)
			RebuildScriptCaches (22ms)
			SetupLoadedEditorAssemblies (144ms)
				LogAssemblyErrors (0ms)
				InitializePlatformSupportModulesInManaged (8ms)
				SetLoadedEditorAssemblies (0ms)
				RefreshPlugins (40ms)
				BeforeProcessingInitializeOnLoad (13ms)
				ProcessInitializeOnLoadAttributes (60ms)
				ProcessInitializeOnLoadMethodAttributes (22ms)
				AfterProcessingInitializeOnLoad (0ms)
				EditorAssembliesLoaded (0ms)
			ExecutionOrderSort2 (0ms)
			AwakeInstancesAfterBackupRestoration (0ms)
Platform modules already initialized, skipping
Registering precompiled user dll's ...
Registered in 0.002138 seconds.
Begin MonoManager ReloadAssembly
Native extension for LinuxStandalone target not found
Native extension for WindowsStandalone target not found
Native extension for OSXStandalone target not found
Native extension for WebGL target not found
Refreshing native plugins compatible for Editor in 0.42 ms, found 2 plugins.
Preloading 0 native plugins for Editor in 0.00 ms.
Mono: successfully reloaded assembly
- Completed reload, in  0.774 seconds
Domain Reload Profiling:
	ReloadAssembly (775ms)
		BeginReloadAssembly (121ms)
			ExecutionOrderSort (0ms)
			DisableScriptedObjects (4ms)
			BackupInstance (0ms)
			ReleaseScriptingObjects (0ms)
			CreateAndSetChildDomain (17ms)
		EndReloadAssembly (607ms)
			LoadAssemblies (73ms)
			RebuildTransferFunctionScriptingTraits (0ms)
			SetupTypeCache (196ms)
			ReleaseScriptCaches (0ms)
			RebuildScriptCaches (32ms)
			SetupLoadedEditorAssemblies (253ms)
				LogAssemblyErrors (0ms)
				InitializePlatformSupportModulesInManaged (6ms)
				SetLoadedEditorAssemblies (0ms)
				RefreshPlugins (0ms)
				BeforeProcessingInitializeOnLoad (68ms)
				ProcessInitializeOnLoadAttributes (168ms)
				ProcessInitializeOnLoadMethodAttributes (7ms)
				AfterProcessingInitializeOnLoad (4ms)
				EditorAssembliesLoaded (0ms)
			ExecutionOrderSort2 (0ms)
			AwakeInstancesAfterBackupRestoration (5ms)
Platform modules already initialized, skipping
========================================================================
Worker process is ready to serve import requests
Launched and connected shader compiler UnityShaderCompiler.exe after 0.04 seconds
Refreshing native plugins compatible for Editor in 0.39 ms, found 2 plugins.
Preloading 0 native plugins for Editor in 0.00 ms.
Unloading 1866 Unused Serialized files (Serialized files now loaded: 0)
System memory in use before: 85.3 MB.
System memory in use after: 85.4 MB.

Unloading 16 unused Assets to reduce memory usage. Loaded Objects now: 2305.
Total: 2.489500 ms (FindLiveObjects: 0.140000 ms CreateObjectMapping: 0.049000 ms MarkObjects: 2.221200 ms  DeleteObjects: 0.078500 ms)

AssetImportParameters requested are different than current active one (requested -> active):
  custom:framework-win-MediaFoundation: 216162199b28c13a410421893ffa2e32 -> 
  custom:video-decoder-ogg-theora: a1e56fd34408186e4bbccfd4996cb3dc -> 
  custom:container-muxer-webm: aa71ff27fc2769a1b78a27578f13a17b -> 
  custom:container-demuxer-webm: 4f35f7cbe854078d1ac9338744f61a02 -> 
  custom:container-demuxer-ogg: 62fdf1f143b41e24485cea50d1cbac27 -> 
  custom:video-encoder-webm-vp8: eb34c28f22e8b96e1ab97ce403110664 -> 
  custom:video-codec-MediaFoundation-h265: 746d11721c4dcdbdad8f713fa42b33f4 -> 
  custom:video-decoder-webm-vp8: 9c59270c3fd7afecdb556c50c9e8de78 -> 
  custom:audio-decoder-ogg-vorbis: bf7c407c2cedff20999df2af8eb42d56 -> 
  custom:audio-encoder-webm-vorbis: bf7c407c2cedff20999df2af8eb42d56 -> 
========================================================================
Received Import Request.
  path: Assets/FBX Models/Wall Corner.jpg
  artifactKey: Guid(36e43d2f9418acc4ba068cf42143d91e) Importer(815301076,1909f56bfc062723c751e8b465ee728b)
Start importing Assets/FBX Models/Wall Corner.jpg using Guid(36e43d2f9418acc4ba068cf42143d91e) Importer(815301076,1909f56bfc062723c751e8b465ee728b)  -> (artifact id: '4265dd62ec8265646f3593990ec4c047') in 0.107811 seconds 
========================================================================
Received Import Request.
  Time since last request: 0.000143 seconds.
  path: Assets/FBX Models/Wall.jpg
  artifactKey: Guid(38cd76b696088c543831e74f1b95544a) Importer(815301076,1909f56bfc062723c751e8b465ee728b)
Start importing Assets/FBX Models/Wall.jpg using Guid(38cd76b696088c543831e74f1b95544a) Importer(815301076,1909f56bfc062723c751e8b465ee728b)  -> (artifact id: '99bfc0fa1a0e21a336131aeeafcfb51f') in 0.010348 seconds 
========================================================================
Received Import Request.
  Time since last request: 0.910611 seconds.
  path: Assets/FBX Models/Monitor.jpg
  artifactKey: Guid(3cadc45dbf06f3343b8e9cab77f93f00) Importer(815301076,1909f56bfc062723c751e8b465ee728b)
Start importing Assets/FBX Models/Monitor.jpg using Guid(3cadc45dbf06f3343b8e9cab77f93f00) Importer(815301076,1909f56bfc062723c751e8b465ee728b)  -> (artifact id: '57cfd1ccf6fce320132e36e4397c5e9f') in 0.012565 seconds 
========================================================================
Received Import Request.
  Time since last request: 1.144835 seconds.
  path: Assets/FBX Models/Locker.jpg
  artifactKey: Guid(973686ba609ea6d42b340a9d7d0fad63) Importer(815301076,1909f56bfc062723c751e8b465ee728b)
Start importing Assets/FBX Models/Locker.jpg using Guid(973686ba609ea6d42b340a9d7d0fad63) Importer(815301076,1909f56bfc062723c751e8b465ee728b)  -> (artifact id: '35bac90cc4950c68f97f7306b215530b') in 0.021825 seconds 
========================================================================
Received Import Request.
  Time since last request: 7.940860 seconds.
  path: Assets/FBX Models/Wall Corner Untextured.fbx
  artifactKey: Guid(6d8cccf145e2a124fa0aaec7fd1ddcac) Importer(815301076,1909f56bfc062723c751e8b465ee728b)
Start importing Assets/FBX Models/Wall Corner Untextured.fbx using Guid(6d8cccf145e2a124fa0aaec7fd1ddcac) Importer(815301076,1909f56bfc062723c751e8b465ee728b)  -> (artifact id: '9a197936c8a7a70a2c0911ebf89ad92d') in 0.081403 seconds 
========================================================================
Received Import Request.
  Time since last request: 2.290528 seconds.
  path: Assets/Materials/Chair.jpg
  artifactKey: Guid(e6d631ca779c4744aabdc22e8aa16915) Importer(815301076,1909f56bfc062723c751e8b465ee728b)
Start importing Assets/Materials/Chair.jpg using Guid(e6d631ca779c4744aabdc22e8aa16915) Importer(815301076,1909f56bfc062723c751e8b465ee728b)  -> (artifact id: '68382c02efcbbc1f2fcf268a53e9a40a') in 0.012082 seconds 
========================================================================
Received Import Request.
  Time since last request: 14.217980 seconds.
  path: Assets/FBX Models/Locker.fbx
  artifactKey: Guid(b348c570cc7dbf644aaa7ddcca5f6b5f) Importer(815301076,1909f56bfc062723c751e8b465ee728b)
Start importing Assets/FBX Models/Locker.fbx using Guid(b348c570cc7dbf644aaa7ddcca5f6b5f) Importer(815301076,1909f56bfc062723c751e8b465ee728b)  -> (artifact id: '8af4a7a92fe1c46780d3359ee5a1f5bb') in 0.018437 seconds 
========================================================================
Received Import Request.
  Time since last request: 0.421842 seconds.
  path: Assets/FBX Models/Support Pillar Untextured.fbx
  artifactKey: Guid(9e49af298ac1df34db71fd1ce52b713b) Importer(815301076,1909f56bfc062723c751e8b465ee728b)
Start importing Assets/FBX Models/Support Pillar Untextured.fbx using Guid(9e49af298ac1df34db71fd1ce52b713b) Importer(815301076,1909f56bfc062723c751e8b465ee728b)  -> (artifact id: 'acf9ab17a00800b8d06e62643233c77c') in 0.032868 seconds 
AssetImportWorkerClient::OnTransportError - code=2 error=End of file
